<?xml version="1.0" encoding="UTF-8" ?>
<testsuite tests="19" failures="1" name="TestSuite" time="0.928" errors="0" skipped="18">
  <properties>
[...]
</properties>
  <testcase classname="com.maroti.guru99.RegisterTest" name="setup" time="0.91">
    <failure message="
Parameter &apos;browser&apos; is required by BeforeTest on method setup but has not been marked @Optional or defined
" type="org.testng.TestNGException">org.testng.TestNGException: 
Parameter &apos;browser&apos; is required by BeforeTest on method setup but has not been marked @Optional or defined

	at org.testng.internal.Parameters.createParams(Parameters.java:267)
	at org.testng.internal.Parameters.createParametersForMethod(Parameters.java:355)
	at org.testng.internal.Parameters.createParameters(Parameters.java:684)
	at org.testng.internal.Parameters.createConfigurationParameters(Parameters.java:166)
	at org.testng.internal.invokers.ConfigInvoker.invokeConfigurations(ConfigInvoker.java:306)
	at org.testng.TestRunner.invokeTestConfigurations(TestRunner.java:663)
	at org.testng.TestRunner.beforeRun(TestRunner.java:652)
	at org.testng.TestRunner.run(TestRunner.java:614)
	at org.testng.SuiteRunner.runTest(SuiteRunner.java:443)
	at org.testng.SuiteRunner.runSequentially(SuiteRunner.java:437)
	at org.testng.SuiteRunner.privateRun(SuiteRunner.java:397)
	at org.testng.SuiteRunner.run(SuiteRunner.java:336)
	at org.testng.SuiteRunnerWorker.runSuite(SuiteRunnerWorker.java:52)
	at org.testng.SuiteRunnerWorker.run(SuiteRunnerWorker.java:95)
	at org.testng.TestNG.runSuitesSequentially(TestNG.java:1280)
	at org.testng.TestNG.runSuitesLocally(TestNG.java:1200)
	at org.testng.TestNG.runSuites(TestNG.java:1114)
	at org.testng.TestNG.run(TestNG.java:1082)
	at org.apache.maven.surefire.testng.TestNGExecutor.run(TestNGExecutor.java:77)
	at org.apache.maven.surefire.testng.TestNGDirectoryTestSuite.executeMulti(TestNGDirectoryTestSuite.java:159)
	at org.apache.maven.surefire.testng.TestNGDirectoryTestSuite.execute(TestNGDirectoryTestSuite.java:99)
	at org.apache.maven.surefire.testng.TestNGProvider.invoke(TestNGProvider.java:106)
	at java.base/jdk.internal.reflect.DirectMethodHandleAccessor.invoke(DirectMethodHandleAccessor.java:104)
	at java.base/java.lang.reflect.Method.invoke(Method.java:578)
	at org.apache.maven.surefire.util.ReflectionUtils.invokeMethodWithArray(ReflectionUtils.java:189)
	at org.apache.maven.surefire.booter.ProviderFactory$ProviderProxy.invoke(ProviderFactory.java:165)
	at org.apache.maven.surefire.booter.ProviderFactory.invokeProvider(ProviderFactory.java:85)
	at org.apache.maven.surefire.booter.ForkedBooter.runSuitesInProcess(ForkedBooter.java:115)
	at org.apache.maven.surefire.booter.ForkedBooter.main(ForkedBooter.java:75)
</failure>
    <system-out>Configuring TestNG with: org.apache.maven.surefire.testng.conf.TestNG652Configurator@60addb54
</system-out>
    <system-err>SLF4J: Failed to load class &quot;org.slf4j.impl.StaticLoggerBinder&quot;.
SLF4J: Defaulting to no-operation (NOP) logger implementation
SLF4J: See http://www.slf4j.org/codes.html#StaticLoggerBinder for further details.
</system-err>
  </testcase>
  <testcase classname="com.maroti.guru99.RegisterTest" name="contactInfo" time="0.002">
    <skipped/>
  </testcase>
  <testcase classname="com.maroti.saucedemo.services.SaucedemoTest" name="setUp" time="0.01">
    <skipped/>
  </testcase>
  <testcase classname="com.maroti.saucedemo.services.SaucedemoTest" name="testLogin" time="0">
    <skipped/>
  </testcase>
  <testcase classname="com.maroti.saucedemo.services.SaucedemoTest" name="captureHomePageTitle" time="0">
    <skipped/>
  </testcase>
  <testcase classname="com.maroti.saucedemo.services.SaucedemoTest" name="captureHomePageUrl" time="0">
    <skipped/>
  </testcase>
  <testcase classname="com.maroti.saucedemo.services.SaucedemoTest" name="testAddItemToCart" time="0.001">
    <skipped/>
  </testcase>
  <testcase classname="com.maroti.saucedemo.services.SaucedemoTest" name="testCheckOut" time="0">
    <skipped/>
  </testcase>
  <testcase classname="com.maroti.saucedemo.services.SaucedemoTest" name="testDeliver" time="0">
    <skipped/>
  </testcase>
  <testcase classname="com.maroti.saucedemo.services.SaucedemoTest" name="testFinish" time="0">
    <skipped/>
  </testcase>
  <testcase classname="com.maroti.saucedemo.services.SaucedemoTest" name="verifyTitle" time="0">
    <skipped/>
  </testcase>
  <testcase classname="com.maroti.saucedemo.services.SaucedemoTest" name="tearDown" time="0.002">
    <skipped/>
  </testcase>
  <testcase classname="com.maroti.guru99.RegisterTest" name="mailingInfo" time="0.001">
    <skipped/>
  </testcase>
  <testcase classname="com.maroti.guru99.RegisterTest" name="userInformation" time="0">
    <skipped/>
  </testcase>
  <testcase classname="com.maroti.guru99.RegisterTest" name="submit" time="0">
    <skipped/>
  </testcase>
  <testcase classname="com.maroti.guru99.RegisterSuccessTest" name="registerSuccess" time="0.002">
    <skipped/>
  </testcase>
  <testcase classname="com.maroti.guru99.LoginTest" name="userInfoTest" time="0">
    <skipped/>
  </testcase>
  <testcase classname="com.maroti.guru99.LoginTest" name="clickLoginLink" time="0">
    <skipped/>
  </testcase>
  <testcase classname="com.maroti.guru99.LoginTest" name="login" time="0">
    <skipped/>
  </testcase>
</testsuite>